#-----------------------------------------------------------
# Vivado v2017.4 (64-bit)
# SW Build 2086221 on Fri Dec 15 20:55:39 MST 2017
# IP Build 2085800 on Fri Dec 15 22:25:07 MST 2017
# Start of session at: Mon Apr  8 22:06:12 2019
# Process ID: 10480
# Current directory: C:/Users/admin/repo/newrepo/Zybo-Z7-20-pcam-5c/proj
# Command line: vivado.exe -gui_launcher_event rodinguilauncherevent1512 C:\Users\admin\repo\newrepo\Zybo-Z7-20-pcam-5c\proj\pcam-5c.xpr
# Log file: C:/Users/admin/repo/newrepo/Zybo-Z7-20-pcam-5c/proj/vivado.log
# Journal file: C:/Users/admin/repo/newrepo/Zybo-Z7-20-pcam-5c/proj\vivado.jou
#-----------------------------------------------------------
start_gui
open_project C:/Users/admin/repo/newrepo/Zybo-Z7-20-pcam-5c/proj/pcam-5c.xpr
Scanning sources...
Finished scanning sources
INFO: [IP_Flow 19-234] Refreshing IP repositories
INFO: [IP_Flow 19-1700] Loaded user IP repository 'c:/Users/admin/repo/newrepo/Zybo-Z7-20-pcam-5c/repo'.
INFO: [IP_Flow 19-2313] Loaded Vivado IP repository 'D:/Kits/Ti/beaglebone/Xilinx/Vivado/2017.4/data/ip'.
open_project: Time (s): cpu = 00:00:24 ; elapsed = 00:00:23 . Memory (MB): peak = 930.828 ; gain = 274.820
update_compile_order -fileset sources_1
file copy -force C:/Users/admin/repo/newrepo/Zybo-Z7-20-pcam-5c/proj/pcam-5c.runs/impl_1/system_wrapper.sysdef C:/Users/admin/repo/newrepo/Zybo-Z7-20-pcam-5c/hw_handoff/system_wrapper.hdf

launch_sdk -workspace C:/Users/admin/repo/newrepo/Zybo-Z7-20-pcam-5c/sdk -hwspec C:/Users/admin/repo/newrepo/Zybo-Z7-20-pcam-5c/hw_handoff/system_wrapper.hdf
INFO: [Vivado 12-393] Launching SDK...
INFO: [Vivado 12-417] Running xsdk -workspace C:/Users/admin/repo/newrepo/Zybo-Z7-20-pcam-5c/sdk -hwspec C:/Users/admin/repo/newrepo/Zybo-Z7-20-pcam-5c/hw_handoff/system_wrapper.hdf
INFO: [Vivado 12-3157] SDK launch initiated. Please check console for any further messages.
exit
INFO: [Common 17-206] Exiting Vivado at Mon Apr  8 22:15:47 2019...
