20:16:04 INFO  : Registering command handlers for SDK TCF services
20:16:05 ERROR : xsct server communication channel has closed unexpectedly.
java.net.SocketException: Connection reset
	at java.net.SocketInputStream.read(SocketInputStream.java:209)
	at java.net.SocketInputStream.read(SocketInputStream.java:141)
	at java.io.BufferedInputStream.read1(BufferedInputStream.java:284)
	at java.io.BufferedInputStream.read(BufferedInputStream.java:345)
	at java.io.FilterInputStream.read(FilterInputStream.java:107)
	at org.eclipse.tcf.core.ChannelTCP.get(ChannelTCP.java:185)
	at org.eclipse.tcf.core.StreamChannel.read(StreamChannel.java:84)
	at org.eclipse.tcf.core.AbstractChannel$1.run(AbstractChannel.java:327)
22:38:25 INFO  : Registering command handlers for SDK TCF services
22:38:26 INFO  : Launching XSCT server: xsct.bat -interactive C:\Users\admin\repo\newrepo\Zybo-Z7-20-pcam-5c\sdk\temp_xsdb_launch_script.tcl
22:38:31 INFO  : XSCT server has started successfully.
22:38:34 INFO  : Successfully done setting XSCT server connection channel  
22:38:34 INFO  : Processing command line option -hwspec C:/Users/admin/repo/newrepo/Zybo-Z7-20-pcam-5c/hw_handoff/system_wrapper.hdf.
22:38:34 INFO  : Successfully done setting SDK workspace  
22:49:38 INFO  : Connected to target on host '127.0.0.1' and port '3121'.
22:51:14 INFO  : Connected to target on host '127.0.0.1' and port '3121'.
22:56:48 INFO  : Connected to target on host '127.0.0.1' and port '3121'.
22:57:41 INFO  : Connected to target on host '127.0.0.1' and port '3121'.
21:09:37 INFO  : Registering command handlers for SDK TCF services
21:09:38 INFO  : Launching XSCT server: xsct.bat -interactive C:\Users\admin\repo\newrepo\Zybo-Z7-20-pcam-5c\sdk\temp_xsdb_launch_script.tcl
21:09:41 INFO  : XSCT server has started successfully.
21:09:41 INFO  : Successfully done setting XSCT server connection channel  
21:09:43 INFO  : Successfully done setting SDK workspace  
21:09:44 INFO  : Processing command line option -hwspec C:/Users/admin/repo/newrepo/Zybo-Z7-20-pcam-5c/hw_handoff/system_wrapper.hdf.
21:09:44 INFO  : Checking for hwspec changes in the project system_wrapper_hw_platform_0.
21:10:04 INFO  : Connected to target on host '127.0.0.1' and port '3121'.
21:10:11 INFO  : Connected to target on host '127.0.0.1' and port '3121'.
21:10:12 INFO  : 'targets -set -filter {jtag_cable_name =~ "Digilent Zybo Z7 210351A819A7A" && level==0} -index 1' command is executed.
21:10:14 INFO  : FPGA configured successfully with bitstream "C:/Users/admin/repo/newrepo/Zybo-Z7-20-pcam-5c/sdk/system_wrapper_hw_platform_0/system_wrapper.bit"
21:21:08 INFO  : Connected to target on host '127.0.0.1' and port '3121'.
21:21:08 INFO  : 'targets -set -filter {jtag_cable_name =~ "Digilent Zybo Z7 210351A819A7A" && level==0} -index 1' command is executed.
21:21:09 INFO  : FPGA configured successfully with bitstream "C:/Users/admin/repo/newrepo/Zybo-Z7-20-pcam-5c/sdk/system_wrapper_hw_platform_0/system_wrapper.bit"
21:43:05 INFO  : SDK has detected change in the last modified timestamps for source hardware specification file Source:1554748855248,  Project:1554664199403
21:43:05 INFO  : Project system_wrapper_hw_platform_0's source hardware specification located at C:/Users/admin/repo/newrepo/Zybo-Z7-20-pcam-5c/hw_handoff/system_wrapper.hdf is now different from the local copy.
		 The local copy will be replaced with the source specification and your workspace will be updated.
21:44:01 INFO  : Copied contents of C:/Users/admin/repo/newrepo/Zybo-Z7-20-pcam-5c/hw_handoff/system_wrapper.hdf into \system_wrapper_hw_platform_0\system.hdf.
21:44:10 INFO  : Synchronizing projects in the workspace with the hardware platform specification changes.
21:44:16 INFO  : 
21:49:01 INFO  : 
21:49:01 INFO  : Updating hardware inferred compiler options for fsbl.
21:49:01 INFO  : Updating hardware inferred compiler options for pcam_vdma_hdmi.
21:49:01 INFO  : Clearing existing target manager status.
21:49:01 WARN  : Given IPC port value is invalid. Using default port 2350
21:49:01 WARN  : Given XMD timeout value is invalid. Using default value of 50000
21:49:03 WARN  : Given XMD transaction timeout value is invalid. Using default value of 60000 milli seconds
21:49:03 INFO  : Workspace synchronized with the new hardware specification file. Cleaning dependent projects...
21:49:10 WARN  : Linker script will not be updated automatically. Users need to update it manually.
21:49:10 ERROR : Unexpected error while parsing XMD response ?: com.google.gson.JsonSyntaxException: com.google.gson.stream.MalformedJsonException: invalid number or unquoted string near 
22:08:55 INFO  : Registering command handlers for SDK TCF services
22:08:55 INFO  : Launching XSCT server: xsct.bat -interactive C:\Users\admin\repo\newrepo\Zybo-Z7-20-pcam-5c\sdk\temp_xsdb_launch_script.tcl
22:08:59 INFO  : XSCT server has started successfully.
22:08:59 INFO  : Successfully done setting XSCT server connection channel  
22:09:02 INFO  : Processing command line option -hwspec C:/Users/admin/repo/newrepo/Zybo-Z7-20-pcam-5c/hw_handoff/system_wrapper.hdf.
22:09:02 INFO  : Successfully done setting SDK workspace  
22:13:15 ERROR : (XSDB Server)ERROR: [Hsi 55-1549] Processor instance is not available

22:13:15 ERROR : (XSDB Server)ERROR: [Hsi 55-1701] Processor is not present in the software design
ERROR: [Hsi 55-1528] OS instance is not available
ERROR: [Hsi 55-1701] Processor is not present in the software design

22:13:15 ERROR : (XSDB Server)ERROR: [Hsi 55-1452] Error: running open
22:13:15 ERROR : (XSDB Server)_sw_design.

22:13:15 ERROR :  [Common 17-39] 'hsi::open_sw_design' failed due to earlier errors.
22:13:15 ERROR : (XSDB Server)ERROR: [Hsi 55-1549] Processor instance is not avai
22:13:15 ERROR : (XSDB Server)lable
ERROR: [Hsi 55-1701] Processor 
22:13:15 ERROR : (XSDB Server)is not present in the
22:13:15 ERROR : (XSDB Server) software design

22:13:15 ERROR : (XSDB Server)ERROR: [Hsi 55-1528] OS insta
22:13:15 ERROR : (XSDB Server)nce is not available

22:13:15 ERROR : (XSDB Server)ERROR: [Hsi 55-1701] Processor is not present i
22:13:15 ERROR : (XSDB Server)n the software design

22:13:15 ERROR : (XSDB Server)ERROR: [Hsi 55-1452] Error: running open_sw_design.

22:13:15 INFO  : Unable to read in MSS file C:\Users\admin\repo\newrepo\Zybo-Z7-20-pcam-5c\sdk\fsbl_bsp\system.mss : null
22:13:15 ERROR : Unexpected error occurred during generating bsp sources
java.lang.reflect.InvocationTargetException
	at org.eclipse.jface.operation.ModalContext.run(ModalContext.java:398)
	at org.eclipse.jface.dialogs.ProgressMonitorDialog.run(ProgressMonitorDialog.java:481)
	at org.eclipse.ui.internal.progress.ProgressMonitorJobsDialog.run(ProgressMonitorJobsDialog.java:242)
	at org.eclipse.ui.internal.progress.ProgressManager$3.run(ProgressManager.java:895)
	at org.eclipse.swt.custom.BusyIndicator.showWhile(BusyIndicator.java:70)
	at org.eclipse.ui.internal.progress.ProgressManager.busyCursorWhile(ProgressManager.java:930)
	at org.eclipse.ui.internal.progress.ProgressManager.busyCursorWhile(ProgressManager.java:905)
	at org.eclipse.ui.internal.progress.ProgressManager.run(ProgressManager.java:1078)
	at com.xilinx.sdk.sw.ui.handlers.RegenBspSourcesHandler.execute(RegenBspSourcesHandler.java:124)
	at com.xilinx.sdk.sw.ui.handlers.RegenBspSourcesHandler.execute(RegenBspSourcesHandler.java:78)
	at org.eclipse.ui.internal.handlers.HandlerProxy.execute(HandlerProxy.java:295)
	at org.eclipse.ui.internal.handlers.E4HandlerProxy.execute(E4HandlerProxy.java:90)
	at sun.reflect.NativeMethodAccessorImpl.invoke0(Native Method)
	at sun.reflect.NativeMethodAccessorImpl.invoke(NativeMethodAccessorImpl.java:62)
	at sun.reflect.DelegatingMethodAccessorImpl.invoke(DelegatingMethodAccessorImpl.java:43)
	at java.lang.reflect.Method.invoke(Method.java:498)
	at org.eclipse.e4.core.internal.di.MethodRequestor.execute(MethodRequestor.java:55)
	at org.eclipse.e4.core.internal.di.InjectorImpl.invokeUsingClass(InjectorImpl.java:282)
	at org.eclipse.e4.core.internal.di.InjectorImpl.invoke(InjectorImpl.java:264)
	at org.eclipse.e4.core.contexts.ContextInjectionFactory.invoke(ContextInjectionFactory.java:132)
	at org.eclipse.e4.core.commands.internal.HandlerServiceHandler.execute(HandlerServiceHandler.java:152)
	at org.eclipse.core.commands.Command.executeWithChecks(Command.java:494)
	at org.eclipse.core.commands.ParameterizedCommand.executeWithChecks(ParameterizedCommand.java:488)
	at org.eclipse.e4.core.commands.internal.HandlerServiceImpl.executeHandler(HandlerServiceImpl.java:210)
	at org.eclipse.e4.ui.workbench.renderers.swt.HandledContributionItem.executeItem(HandledContributionItem.java:433)
	at org.eclipse.e4.ui.workbench.renderers.swt.AbstractContributionItem.handleWidgetSelection(AbstractContributionItem.java:454)
	at org.eclipse.e4.ui.workbench.renderers.swt.AbstractContributionItem$3.handleEvent(AbstractContributionItem.java:482)
	at org.eclipse.swt.widgets.EventTable.sendEvent(EventTable.java:84)
	at org.eclipse.swt.widgets.Display.sendEvent(Display.java:4410)
	at org.eclipse.swt.widgets.Widget.sendEvent(Widget.java:1079)
	at org.eclipse.swt.widgets.Display.runDeferredEvents(Display.java:4228)
	at org.eclipse.swt.widgets.Display.readAndDispatch(Display.java:3816)
	at org.eclipse.e4.ui.internal.workbench.swt.PartRenderingEngine$4.run(PartRenderingEngine.java:1121)
	at org.eclipse.core.databinding.observable.Realm.runWithDefault(Realm.java:336)
	at org.eclipse.e4.ui.internal.workbench.swt.PartRenderingEngine.run(PartRenderingEngine.java:1022)
	at org.eclipse.e4.ui.internal.workbench.E4Workbench.createAndRunUI(E4Workbench.java:150)
	at org.eclipse.ui.internal.Workbench$5.run(Workbench.java:687)
	at org.eclipse.core.databinding.observable.Realm.runWithDefault(Realm.java:336)
	at org.eclipse.ui.internal.Workbench.createAndRunWorkbench(Workbench.java:604)
	at org.eclipse.ui.PlatformUI.createAndRunWorkbench(PlatformUI.java:148)
	at org.eclipse.ui.internal.ide.application.IDEApplication.start(IDEApplication.java:138)
	at org.eclipse.equinox.internal.app.EclipseAppHandle.run(EclipseAppHandle.java:196)
	at org.eclipse.core.runtime.internal.adaptor.EclipseAppLauncher.runApplication(EclipseAppLauncher.java:134)
	at org.eclipse.core.runtime.internal.adaptor.EclipseAppLauncher.start(EclipseAppLauncher.java:104)
	at org.eclipse.core.runtime.adaptor.EclipseStarter.run(EclipseStarter.java:388)
	at org.eclipse.core.runtime.adaptor.EclipseStarter.run(EclipseStarter.java:243)
	at sun.reflect.NativeMethodAccessorImpl.invoke0(Native Method)
	at sun.reflect.NativeMethodAccessorImpl.invoke(NativeMethodAccessorImpl.java:62)
	at sun.reflect.DelegatingMethodAccessorImpl.invoke(DelegatingMethodAccessorImpl.java:43)
	at java.lang.reflect.Method.invoke(Method.java:498)
	at org.eclipse.equinox.launcher.Main.invokeFramework(Main.java:673)
	at org.eclipse.equinox.launcher.Main.basicRun(Main.java:610)
	at org.eclipse.equinox.launcher.Main.run(Main.java:1519)
Caused by: java.lang.IllegalArgumentException: Path must include project and resource name: /fsbl_bsp
	at org.eclipse.core.runtime.Assert.isLegal(Assert.java:63)
	at org.eclipse.core.internal.resources.Workspace.newResource(Workspace.java:2068)
	at org.eclipse.core.internal.resources.Container.getFolder(Container.java:197)
	at com.xilinx.sdk.sw.ui.handlers.RegenBspSourcesHandler.internalGenerateBsp(RegenBspSourcesHandler.java:169)
	at com.xilinx.sdk.sw.ui.handlers.RegenBspSourcesHandler.access$2(RegenBspSourcesHandler.java:163)
	at com.xilinx.sdk.sw.ui.handlers.RegenBspSourcesHandler$1$1.run(RegenBspSourcesHandler.java:131)
	at org.eclipse.core.internal.resources.Workspace.run(Workspace.java:2240)
	at org.eclipse.core.internal.resources.Workspace.run(Workspace.java:2267)
	at com.xilinx.sdk.sw.ui.handlers.RegenBspSourcesHandler$1.run(RegenBspSourcesHandler.java:135)
	at org.eclipse.jface.operation.ModalContext$ModalContextThread.run(ModalContext.java:119)
22:13:40 ERROR : (XSDB Server)ERROR: [Hsi 55-1457] File
22:13:40 ERROR : (XSDB Server) C:/Users/admin/repo/newrepo/Zybo-Z7-20-pcam-5c/sdk/pcam_vdma_hdmi_bsp/system.mss doesn't exist on disk
ERROR: [Hsi 55-1535] Parsi
22:13:40 ERROR : (XSDB Server)ng MSS file C:/Users/
22:13:40 ERROR : (XSDB Server)a
22:13:40 ERROR : (XSDB Server)d
22:13:40 ERROR : (XSDB Server)m
22:13:40 ERROR : (XSDB Server)in/repo/newrepo/Zybo-Z7-20-pcam-5c/sdk/pcam_vdma_hdmi_bsp/system.mss failed

22:13:40 ERROR : (XSDB Server)E
22:13:40 ERROR : (XSDB Server)R
22:13:40 ERROR : (XSDB Server)R
22:13:40 ERROR : (XSDB Server)O
22:13:40 ERROR : (XSDB Server)R
22:13:40 ERROR : (XSDB Server):
22:13:40 ERROR : (XSDB Server) 
22:13:40 ERROR : (XSDB Server)[
22:13:40 ERROR : (XSDB Server)H
22:13:40 ERROR : (XSDB Server)s
22:13:40 ERROR : (XSDB Server)i 55-1452] Error:
22:13:40 ERROR : (XSDB Server) 
22:13:40 ERROR : (XSDB Server)r
22:13:40 ERROR : (XSDB Server)u
22:13:40 ERROR : (XSDB Server)n
22:13:40 ERROR : (XSDB Server)n
22:13:40 ERROR : (XSDB Server)i
22:13:40 ERROR : (XSDB Server)n
22:13:40 ERROR : (XSDB Server)g
22:13:40 ERROR : (XSDB Server) 
22:13:40 ERROR : (XSDB Server)o
22:13:40 ERROR : (XSDB Server)p
22:13:40 ERROR : (XSDB Server)e
22:13:40 ERROR : (XSDB Server)n
22:13:40 ERROR : (XSDB Server)_
22:13:40 ERROR : (XSDB Server)sw_design.

22:13:40 ERROR :  [Common 17-39] 'hsi::open_sw_design' failed due to earlier errors.
22:13:40 ERROR : (XSDB Server)ERROR: [Hsi 55-1457] File
22:13:40 ERROR : (XSDB Server) C:/Users/admin/repo/newrepo/Zybo-Z7-20-pcam-5
22:13:40 ERROR : (XSDB Server)c
22:13:40 ERROR : (XSDB Server)/
22:13:40 ERROR : (XSDB Server)s
22:13:40 ERROR : (XSDB Server)d
22:13:40 ERROR : (XSDB Server)k
22:13:40 ERROR : (XSDB Server)/
22:13:40 ERROR : (XSDB Server)p
22:13:40 ERROR : (XSDB Server)c
22:13:40 ERROR : (XSDB Server)a
22:13:40 ERROR : (XSDB Server)m
22:13:40 ERROR : (XSDB Server)_
22:13:40 ERROR : (XSDB Server)v
22:13:40 ERROR : (XSDB Server)d
22:13:40 ERROR : (XSDB Server)m
22:13:40 ERROR : (XSDB Server)a
22:13:40 ERROR : (XSDB Server)_
22:13:40 ERROR : (XSDB Server)h
22:13:40 ERROR : (XSDB Server)d
22:13:40 ERROR : (XSDB Server)m
22:13:40 ERROR : (XSDB Server)i
22:13:40 ERROR : (XSDB Server)_
22:13:40 ERROR : (XSDB Server)b
22:13:40 ERROR : (XSDB Server)s
22:13:40 ERROR : (XSDB Server)p
22:13:40 ERROR : (XSDB Server)/
22:13:40 ERROR : (XSDB Server)s
22:13:40 ERROR : (XSDB Server)y
22:13:40 ERROR : (XSDB Server)s
22:13:40 ERROR : (XSDB Server)t
22:13:40 ERROR : (XSDB Server)e
22:13:40 ERROR : (XSDB Server)m
22:13:40 ERROR : (XSDB Server).
22:13:40 ERROR : (XSDB Server)m
22:13:40 ERROR : (XSDB Server)s
22:13:40 ERROR : (XSDB Server)s
22:13:40 ERROR : (XSDB Server) 
22:13:40 ERROR : (XSDB Server)d
22:13:40 ERROR : (XSDB Server)o
22:13:40 ERROR : (XSDB Server)e
22:13:40 ERROR : (XSDB Server)s
22:13:40 ERROR : (XSDB Server)n
22:13:40 ERROR : (XSDB Server)'
22:13:40 ERROR : (XSDB Server)t
22:13:40 ERROR : (XSDB Server) exist on disk

22:13:40 ERROR : (XSDB Server)ERROR: [Hsi 55-1535] 
22:13:40 ERROR : (XSDB Server)Parsing MSS file C:/
22:13:40 ERROR : (XSDB Server)U
22:13:40 ERROR : (XSDB Server)s
22:13:40 ERROR : (XSDB Server)ers/admin/repo/n
22:13:40 ERROR : (XSDB Server)ewrepo/Zybo-Z7-20-
22:13:40 ERROR : (XSDB Server)pcam-5c/sdk/pcam_vdma_hdmi_bsp/sy
22:13:40 ERROR : (XSDB Server)stem.mss failed

22:13:40 ERROR : (XSDB Server)E
22:13:40 ERROR : (XSDB Server)R
22:13:40 ERROR : (XSDB Server)ROR: [Hsi 5
22:13:40 ERROR : (XSDB Server)5-1452] Error: 
22:13:40 ERROR : (XSDB Server)r
22:13:40 ERROR : (XSDB Server)u
22:13:40 ERROR : (XSDB Server)n
22:13:40 ERROR : (XSDB Server)ning 
22:13:40 ERROR : (XSDB Server)o
22:13:40 ERROR : (XSDB Server)p
22:13:40 ERROR : (XSDB Server)e
22:13:40 ERROR : (XSDB Server)n
22:13:40 ERROR : (XSDB Server)_sw_design.

22:13:40 INFO  : Unable to read in MSS file C:\Users\admin\repo\newrepo\Zybo-Z7-20-pcam-5c\sdk\pcam_vdma_hdmi_bsp\system.mss : null
22:13:40 ERROR : Unexpected error occurred during generating bsp sources
java.lang.reflect.InvocationTargetException
	at org.eclipse.jface.operation.ModalContext.run(ModalContext.java:398)
	at org.eclipse.jface.dialogs.ProgressMonitorDialog.run(ProgressMonitorDialog.java:481)
	at org.eclipse.ui.internal.progress.ProgressMonitorJobsDialog.run(ProgressMonitorJobsDialog.java:242)
	at org.eclipse.ui.internal.progress.ProgressManager$3.run(ProgressManager.java:895)
	at org.eclipse.swt.custom.BusyIndicator.showWhile(BusyIndicator.java:70)
	at org.eclipse.ui.internal.progress.ProgressManager.busyCursorWhile(ProgressManager.java:930)
	at org.eclipse.ui.internal.progress.ProgressManager.busyCursorWhile(ProgressManager.java:905)
	at org.eclipse.ui.internal.progress.ProgressManager.run(ProgressManager.java:1078)
	at com.xilinx.sdk.sw.ui.handlers.RegenBspSourcesHandler.execute(RegenBspSourcesHandler.java:124)
	at com.xilinx.sdk.sw.ui.handlers.RegenBspSourcesHandler.execute(RegenBspSourcesHandler.java:78)
	at org.eclipse.ui.internal.handlers.HandlerProxy.execute(HandlerProxy.java:295)
	at org.eclipse.ui.internal.handlers.E4HandlerProxy.execute(E4HandlerProxy.java:90)
	at sun.reflect.NativeMethodAccessorImpl.invoke0(Native Method)
	at sun.reflect.NativeMethodAccessorImpl.invoke(NativeMethodAccessorImpl.java:62)
	at sun.reflect.DelegatingMethodAccessorImpl.invoke(DelegatingMethodAccessorImpl.java:43)
	at java.lang.reflect.Method.invoke(Method.java:498)
	at org.eclipse.e4.core.internal.di.MethodRequestor.execute(MethodRequestor.java:55)
	at org.eclipse.e4.core.internal.di.InjectorImpl.invokeUsingClass(InjectorImpl.java:282)
	at org.eclipse.e4.core.internal.di.InjectorImpl.invoke(InjectorImpl.java:264)
	at org.eclipse.e4.core.contexts.ContextInjectionFactory.invoke(ContextInjectionFactory.java:132)
	at org.eclipse.e4.core.commands.internal.HandlerServiceHandler.execute(HandlerServiceHandler.java:152)
	at org.eclipse.core.commands.Command.executeWithChecks(Command.java:494)
	at org.eclipse.core.commands.ParameterizedCommand.executeWithChecks(ParameterizedCommand.java:488)
	at org.eclipse.e4.core.commands.internal.HandlerServiceImpl.executeHandler(HandlerServiceImpl.java:210)
	at org.eclipse.e4.ui.workbench.renderers.swt.HandledContributionItem.executeItem(HandledContributionItem.java:433)
	at org.eclipse.e4.ui.workbench.renderers.swt.AbstractContributionItem.handleWidgetSelection(AbstractContributionItem.java:454)
	at org.eclipse.e4.ui.workbench.renderers.swt.AbstractContributionItem$3.handleEvent(AbstractContributionItem.java:482)
	at org.eclipse.swt.widgets.EventTable.sendEvent(EventTable.java:84)
	at org.eclipse.swt.widgets.Display.sendEvent(Display.java:4410)
	at org.eclipse.swt.widgets.Widget.sendEvent(Widget.java:1079)
	at org.eclipse.swt.widgets.Display.runDeferredEvents(Display.java:4228)
	at org.eclipse.swt.widgets.Display.readAndDispatch(Display.java:3816)
	at org.eclipse.e4.ui.internal.workbench.swt.PartRenderingEngine$4.run(PartRenderingEngine.java:1121)
	at org.eclipse.core.databinding.observable.Realm.runWithDefault(Realm.java:336)
	at org.eclipse.e4.ui.internal.workbench.swt.PartRenderingEngine.run(PartRenderingEngine.java:1022)
	at org.eclipse.e4.ui.internal.workbench.E4Workbench.createAndRunUI(E4Workbench.java:150)
	at org.eclipse.ui.internal.Workbench$5.run(Workbench.java:687)
	at org.eclipse.core.databinding.observable.Realm.runWithDefault(Realm.java:336)
	at org.eclipse.ui.internal.Workbench.createAndRunWorkbench(Workbench.java:604)
	at org.eclipse.ui.PlatformUI.createAndRunWorkbench(PlatformUI.java:148)
	at org.eclipse.ui.internal.ide.application.IDEApplication.start(IDEApplication.java:138)
	at org.eclipse.equinox.internal.app.EclipseAppHandle.run(EclipseAppHandle.java:196)
	at org.eclipse.core.runtime.internal.adaptor.EclipseAppLauncher.runApplication(EclipseAppLauncher.java:134)
	at org.eclipse.core.runtime.internal.adaptor.EclipseAppLauncher.start(EclipseAppLauncher.java:104)
	at org.eclipse.core.runtime.adaptor.EclipseStarter.run(EclipseStarter.java:388)
	at org.eclipse.core.runtime.adaptor.EclipseStarter.run(EclipseStarter.java:243)
	at sun.reflect.NativeMethodAccessorImpl.invoke0(Native Method)
	at sun.reflect.NativeMethodAccessorImpl.invoke(NativeMethodAccessorImpl.java:62)
	at sun.reflect.DelegatingMethodAccessorImpl.invoke(DelegatingMethodAccessorImpl.java:43)
	at java.lang.reflect.Method.invoke(Method.java:498)
	at org.eclipse.equinox.launcher.Main.invokeFramework(Main.java:673)
	at org.eclipse.equinox.launcher.Main.basicRun(Main.java:610)
	at org.eclipse.equinox.launcher.Main.run(Main.java:1519)
Caused by: java.lang.IllegalArgumentException: Path must include project and resource name: /pcam_vdma_hdmi_bsp
	at org.eclipse.core.runtime.Assert.isLegal(Assert.java:63)
	at org.eclipse.core.internal.resources.Workspace.newResource(Workspace.java:2068)
	at org.eclipse.core.internal.resources.Container.getFolder(Container.java:197)
	at com.xilinx.sdk.sw.ui.handlers.RegenBspSourcesHandler.internalGenerateBsp(RegenBspSourcesHandler.java:169)
	at com.xilinx.sdk.sw.ui.handlers.RegenBspSourcesHandler.access$2(RegenBspSourcesHandler.java:163)
	at com.xilinx.sdk.sw.ui.handlers.RegenBspSourcesHandler$1$1.run(RegenBspSourcesHandler.java:131)
	at org.eclipse.core.internal.resources.Workspace.run(Workspace.java:2240)
	at org.eclipse.core.internal.resources.Workspace.run(Workspace.java:2267)
	at com.xilinx.sdk.sw.ui.handlers.RegenBspSourcesHandler$1.run(RegenBspSourcesHandler.java:135)
	at org.eclipse.jface.operation.ModalContext$ModalContextThread.run(ModalContext.java:119)
22:13:49 ERROR : (XSDB Server)ERROR: [Hsi 55-1457] Fi
22:13:49 ERROR : (XSDB Server)le C:/Users/admin/repo/newrepo/Zybo-Z7-20-pcam-5c/sdk/pcam_vdma_hdmi_bsp/system.mss doesn't exist on disk
ERROR: [Hsi 55-1535] Parsing MSS file C:/Users/admin/repo/newrepo/Zybo-Z7-20-pcam-5c/sdk/pcam_vdma_hdmi_bsp/system.mss failed
ERROR: [Hsi 55-1452] Error: running open_sw_design.

22:13:49 ERROR :  [Common 17-39] 'hsi::open_sw_design' failed due to earlier errors.
22:13:49 ERROR : (XSDB Server)ERROR: [Hsi 55-1457] File
22:13:49 ERROR : (XSDB Server) C:/Users/admin/repo/newrepo/Zybo-Z7-20-pcam-5c/sdk/pcam_vdma_hdmi_bsp/system.mss doesn't exist on disk

22:13:49 ERROR : (XSDB Server)ERROR: [Hsi 55-1535] Parsing 
22:13:49 ERROR : (XSDB Server)MSS file C:/Users/admin/repo/newrepo/Zybo-Z7-20-pcam-5c/sdk/pcam_vdma_hdmi_bsp/system.mss failed

22:13:49 ERROR : (XSDB Server)ERROR: [Hsi 55-1452] E
22:13:49 ERROR : (XSDB Server)rro
22:13:49 ERROR : (XSDB Server)r: running op
22:13:49 ERROR : (XSDB Server)en_sw_design.

22:13:49 INFO  : Unable to read in MSS file C:\Users\admin\repo\newrepo\Zybo-Z7-20-pcam-5c\sdk\pcam_vdma_hdmi_bsp\system.mss : null
22:13:49 ERROR : Failed to closesw "C:/Users/admin/repo/newrepo/Zybo-Z7-20-pcam-5c/sdk/pcam_vdma_hdmi_bsp/system.mss"
Reason: Cannot close sw design 'C:/Users/admin/repo/newrepo/Zybo-Z7-20-pcam-5c/sdk/pcam_vdma_hdmi_bsp/system.mss'.
Design is not opened in the current session.


22:14:06 ERROR : (XSDB Server)E
22:14:06 ERROR : (XSDB Server)RROR: [Hsi 55-1457] File C:/Users/admin/repo/newrepo/Zybo-Z7-20-pcam-5c/sdk/pcam_vdma_hdmi_bsp/system.mss doesn't exist on disk
ERROR: [Hsi 55-1535] Parsing MSS file C:/Users/admin/repo/newrepo/Zybo-Z7-20-pcam-5c/sdk/pcam_vdma_hdmi_bsp/system.mss failed
ERROR: [Hsi 55-1452] Error: running open_sw_design.

22:14:07 ERROR :  [Common 17-39] 'hsi::open_sw_design' failed due to earlier errors.
22:14:08 ERROR : (XSDB Server)ERROR: [Hsi 55-1457] File C:/Users/admin/repo/newrepo/Zybo-Z7-20-pcam-5c/sdk/pcam_vdma_hdmi_bsp/system.mss doesn't exist on disk

22:14:08 ERROR : (XSDB Server)ERROR: [Hsi 55-1535] Parsing MSS file C:/Users/admin/repo/newrepo/Zybo-Z7-20-pcam-5c/sdk/pcam_vdma_hdmi_bsp/system.mss failed
ERROR: [Hsi 55-1452] Error: running open_sw_design.

22:14:08 INFO  : Unable to read in MSS file C:\Users\admin\repo\newrepo\Zybo-Z7-20-pcam-5c\sdk\pcam_vdma_hdmi_bsp\system.mss : null
22:14:08 ERROR : (XSDB Server)ERROR: [Hsi 55-1457] File 
22:14:08 ERROR : (XSDB Server)C:/Users/admin/repo/newrepo/Zybo-Z7-20-pcam-5c/sdk/pcam_vdma_hdmi_bsp/syste
22:14:08 ERROR : (XSDB Server)m.mss doesn't exist on disk

22:14:08 ERROR : (XSDB Server)ERROR: [Hs
22:14:08 ERROR : (XSDB Server)i 55-1535] Pars
22:14:08 ERROR : (XSDB Server)ing MSS file C:/Users/admin/repo/
22:14:08 ERROR : (XSDB Server)newrepo/Zybo-Z7-20-pcam-5c/sdk/pcam_vdma_hdmi_bsp/system.mss faile
22:14:08 ERROR : (XSDB Server)d
ERROR: [Hsi 55-1452] Error: running open_sw_design.

22:14:08 ERROR : (XSDB Server)ERROR: [Hsi 55
22:14:08 ERROR : (XSDB Server)-1457] File C:/Users/admin/repo/newrepo/Zybo-Z7-20-pcam-5c/sdk/pcam_vdma_hdmi_
22:14:08 ERROR : (XSDB Server)bsp/system.mss doesn't exist 
22:14:08 ERROR : (XSDB Server)on disk

22:14:08 ERROR : (XSDB Server)ERROR: [H
22:14:08 ERROR : (XSDB Server)si 55-1535] Parsi
22:14:08 ERROR : (XSDB Server)ng MSS file C
22:14:08 ERROR : (XSDB Server):/Users/admin/
22:14:08 ERROR : (XSDB Server)repo/newrepo/Zybo-
22:14:08 ERROR : (XSDB Server)Z7-20-pcam-5
22:14:08 ERROR : (XSDB Server)c/sdk/pcam_vdma_hd
22:14:08 ERROR : (XSDB Server)mi_bsp/system.mss failed

22:14:08 ERROR : (XSDB Server)ERROR: [Hsi 5
22:14:08 ERROR : (XSDB Server)5-1452] Error: r
22:14:08 ERROR : (XSDB Server)unning open_sw_des
22:14:08 ERROR : (XSDB Server)ign.

22:14:08 ERROR : Failed to get_connected_periphs
Reason: ERROR: [Common 17-55] 'get_property' expects at least one object.
Resolution: If [get_<value>] was used to populate the object, check to make sure this command returns at least one valid object.

22:14:47 ERROR : (XSDB Server)ERROR: [Hsi 55-1457] File C:/Users/admin/repo/newrepo
22:14:47 ERROR : (XSDB Server)/Zybo-Z7-20-pcam-5c/sdk/pcam_vdma_hdmi_bsp/system.mss doesn't exist on disk
ERROR: [Hsi 55-1535] Parsing MSS file C:/Users/admin/repo/newrepo/Zybo-Z7-20-pcam-5c/sdk/pcam_vdma_hdmi_bsp/system.mss failed
ERROR: [Hsi 55-1452] Error: running open_sw_design.

22:14:47 ERROR :  [Common 17-39] 'hsi::open_sw_design' failed due to earlier errors.
22:14:47 ERROR : (XSDB Server)ERROR: [Hsi 55-1457] File C:/Users/admin/repo/newrepo/
22:14:47 ERROR : (XSDB Server)Zybo-Z7-20-pcam-5c/sdk/pcam_vdma_hdmi_bsp/system.mss doesn't exist on disk
22:14:47 ERROR : (XSDB Server)

22:14:47 ERROR : (XSDB Server)ERROR: [Hsi 55-1535] Parsing MSS file C:/U
22:14:47 ERROR : (XSDB Server)sers/admin/repo/newrepo/Zybo-
22:14:47 ERROR : (XSDB Server)Z7-20-pcam-5c/sdk/pcam_vdma_hdmi_bsp/syst
22:14:47 ERROR : (XSDB Server)em.mss failed
ERROR: [Hsi 55-1452] Error: running open
22:14:47 ERROR : (XSDB Server)_sw_design.

22:14:47 INFO  : Unable to read in MSS file C:\Users\admin\repo\newrepo\Zybo-Z7-20-pcam-5c\sdk\pcam_vdma_hdmi_bsp\system.mss : null
22:14:47 ERROR : Unexpected error occurred during generating bsp sources
java.lang.reflect.InvocationTargetException
	at org.eclipse.jface.operation.ModalContext.run(ModalContext.java:398)
	at org.eclipse.jface.dialogs.ProgressMonitorDialog.run(ProgressMonitorDialog.java:481)
	at org.eclipse.ui.internal.progress.ProgressMonitorJobsDialog.run(ProgressMonitorJobsDialog.java:242)
	at org.eclipse.ui.internal.progress.ProgressManager$3.run(ProgressManager.java:895)
	at org.eclipse.swt.custom.BusyIndicator.showWhile(BusyIndicator.java:70)
	at org.eclipse.ui.internal.progress.ProgressManager.busyCursorWhile(ProgressManager.java:930)
	at org.eclipse.ui.internal.progress.ProgressManager.busyCursorWhile(ProgressManager.java:905)
	at org.eclipse.ui.internal.progress.ProgressManager.run(ProgressManager.java:1078)
	at com.xilinx.sdk.sw.ui.handlers.RegenBspSourcesHandler.execute(RegenBspSourcesHandler.java:124)
	at com.xilinx.sdk.sw.ui.handlers.RegenBspSourcesHandler.execute(RegenBspSourcesHandler.java:78)
	at org.eclipse.ui.internal.handlers.HandlerProxy.execute(HandlerProxy.java:295)
	at org.eclipse.ui.internal.handlers.E4HandlerProxy.execute(E4HandlerProxy.java:90)
	at sun.reflect.NativeMethodAccessorImpl.invoke0(Native Method)
	at sun.reflect.NativeMethodAccessorImpl.invoke(NativeMethodAccessorImpl.java:62)
	at sun.reflect.DelegatingMethodAccessorImpl.invoke(DelegatingMethodAccessorImpl.java:43)
	at java.lang.reflect.Method.invoke(Method.java:498)
	at org.eclipse.e4.core.internal.di.MethodRequestor.execute(MethodRequestor.java:55)
	at org.eclipse.e4.core.internal.di.InjectorImpl.invokeUsingClass(InjectorImpl.java:282)
	at org.eclipse.e4.core.internal.di.InjectorImpl.invoke(InjectorImpl.java:264)
	at org.eclipse.e4.core.contexts.ContextInjectionFactory.invoke(ContextInjectionFactory.java:132)
	at org.eclipse.e4.core.commands.internal.HandlerServiceHandler.execute(HandlerServiceHandler.java:152)
	at org.eclipse.core.commands.Command.executeWithChecks(Command.java:494)
	at org.eclipse.core.commands.ParameterizedCommand.executeWithChecks(ParameterizedCommand.java:488)
	at org.eclipse.e4.core.commands.internal.HandlerServiceImpl.executeHandler(HandlerServiceImpl.java:210)
	at org.eclipse.e4.ui.workbench.renderers.swt.HandledContributionItem.executeItem(HandledContributionItem.java:433)
	at org.eclipse.e4.ui.workbench.renderers.swt.AbstractContributionItem.handleWidgetSelection(AbstractContributionItem.java:454)
	at org.eclipse.e4.ui.workbench.renderers.swt.AbstractContributionItem$3.handleEvent(AbstractContributionItem.java:482)
	at org.eclipse.swt.widgets.EventTable.sendEvent(EventTable.java:84)
	at org.eclipse.swt.widgets.Display.sendEvent(Display.java:4410)
	at org.eclipse.swt.widgets.Widget.sendEvent(Widget.java:1079)
	at org.eclipse.swt.widgets.Display.runDeferredEvents(Display.java:4228)
	at org.eclipse.swt.widgets.Display.readAndDispatch(Display.java:3816)
	at org.eclipse.e4.ui.internal.workbench.swt.PartRenderingEngine$4.run(PartRenderingEngine.java:1121)
	at org.eclipse.core.databinding.observable.Realm.runWithDefault(Realm.java:336)
	at org.eclipse.e4.ui.internal.workbench.swt.PartRenderingEngine.run(PartRenderingEngine.java:1022)
	at org.eclipse.e4.ui.internal.workbench.E4Workbench.createAndRunUI(E4Workbench.java:150)
	at org.eclipse.ui.internal.Workbench$5.run(Workbench.java:687)
	at org.eclipse.core.databinding.observable.Realm.runWithDefault(Realm.java:336)
	at org.eclipse.ui.internal.Workbench.createAndRunWorkbench(Workbench.java:604)
	at org.eclipse.ui.PlatformUI.createAndRunWorkbench(PlatformUI.java:148)
	at org.eclipse.ui.internal.ide.application.IDEApplication.start(IDEApplication.java:138)
	at org.eclipse.equinox.internal.app.EclipseAppHandle.run(EclipseAppHandle.java:196)
	at org.eclipse.core.runtime.internal.adaptor.EclipseAppLauncher.runApplication(EclipseAppLauncher.java:134)
	at org.eclipse.core.runtime.internal.adaptor.EclipseAppLauncher.start(EclipseAppLauncher.java:104)
	at org.eclipse.core.runtime.adaptor.EclipseStarter.run(EclipseStarter.java:388)
	at org.eclipse.core.runtime.adaptor.EclipseStarter.run(EclipseStarter.java:243)
	at sun.reflect.NativeMethodAccessorImpl.invoke0(Native Method)
	at sun.reflect.NativeMethodAccessorImpl.invoke(NativeMethodAccessorImpl.java:62)
	at sun.reflect.DelegatingMethodAccessorImpl.invoke(DelegatingMethodAccessorImpl.java:43)
	at java.lang.reflect.Method.invoke(Method.java:498)
	at org.eclipse.equinox.launcher.Main.invokeFramework(Main.java:673)
	at org.eclipse.equinox.launcher.Main.basicRun(Main.java:610)
	at org.eclipse.equinox.launcher.Main.run(Main.java:1519)
Caused by: java.lang.IllegalArgumentException: Path must include project and resource name: /pcam_vdma_hdmi_bsp
	at org.eclipse.core.runtime.Assert.isLegal(Assert.java:63)
	at org.eclipse.core.internal.resources.Workspace.newResource(Workspace.java:2068)
	at org.eclipse.core.internal.resources.Container.getFolder(Container.java:197)
	at com.xilinx.sdk.sw.ui.handlers.RegenBspSourcesHandler.internalGenerateBsp(RegenBspSourcesHandler.java:169)
	at com.xilinx.sdk.sw.ui.handlers.RegenBspSourcesHandler.access$2(RegenBspSourcesHandler.java:163)
	at com.xilinx.sdk.sw.ui.handlers.RegenBspSourcesHandler$1$1.run(RegenBspSourcesHandler.java:131)
	at org.eclipse.core.internal.resources.Workspace.run(Workspace.java:2240)
	at org.eclipse.core.internal.resources.Workspace.run(Workspace.java:2267)
	at com.xilinx.sdk.sw.ui.handlers.RegenBspSourcesHandler$1.run(RegenBspSourcesHandler.java:135)
	at org.eclipse.jface.operation.ModalContext$ModalContextThread.run(ModalContext.java:119)
11:48:30 INFO  : Launching XSCT server: xsct.bat -interactive C:\Users\admin\repo\newrepo\Zybo-Z7-20-pcam-5c\sdk\temp_xsdb_launch_script.tcl
11:48:33 INFO  : XSCT server has started successfully.
11:48:39 INFO  : Successfully done setting XSCT server connection channel  
11:48:39 INFO  : Successfully done setting SDK workspace  
11:48:41 INFO  : Registering command handlers for SDK TCF services
11:48:42 INFO  : Processing command line option -hwspec C:/Users/admin/repo/newrepo/Zybo-Z7-20-pcam-5c/hw_handoff/system_wrapper.hdf.
11:48:42 INFO  : Checking for hwspec changes in the project system_wrapper_hw_platform_0.
